# ····· Caracter
include ····· Identificador
< ····· OperadorRelacional
stdio ····· Identificador
> ····· OperadorRelacional
{ ····· InicioBloque
230 ····· Numero
230e-30 ····· Numero
230e+30 ····· Numero
230.30 ····· Numero
e30 ····· Identificador
230.30 ····· Numero
e ····· Identificador
- ····· OperadorTermino
30 ····· Numero
230.30 ····· Numero
e ····· Identificador
+ ····· OperadorTermino
30 ····· Numero
"hola mundo" ····· Cadena
#64 ····· Caracter
- ····· OperadorTermino
'@' ····· Caracter
radio ····· Identificador
; ····· FinSentencia
< ····· OperadorRelacional
<> ····· OperadorRelacional
> ····· OperadorRelacional
! ····· OperadorLogico
!= ····· OperadorRelacional
== ····· OperadorRelacional
= ····· Asignacion
; ····· FinSentencia
&& ····· OperadorLogico
& ····· Caracter
|| ····· OperadorLogico
| ····· Caracter
++ ····· IncrementoTermino
+ ····· OperadorTermino
- ····· OperadorTermino
- ····· OperadorTermino
- ····· OperadorTermino
+= ····· IncrementoTermino
-= ····· IncrementoTermino
* ····· OperadorFactor
*= ····· IncrementoFactor
/= ····· IncrementoFactor
% ····· OperadorFactor
%= ····· IncrementoFactor
"" ····· Cadena
''' ····· Caracter
; ····· FinSentencia
} ····· FinBloque
