Archivo: gram.txt
//Generado: 26/05/2025 Hora de Compilación: 11:01:12
Lenguaje = SNT
: = ST
Go = SNT
; = ST
{ = ST
Programa = SNT
-> = Produce
A = SNT
\? = Optativo
\; = FinProduccion
A = SNT
-> = Produce
Numero = SNT
A = SNT
\? = Optativo
\; = FinProduccion
B = SNT
-> = Produce
A = SNT
z = ST
\; = FinProduccion
D = SNT
-> = Produce
a = ST
A = SNT
\| = OR
b = ST
\| = OR
c = ST
\| = OR
C = SNT
\; = FinProduccion
C = SNT
-> = Produce
A = SNT
\| = OR
B = SNT
\; = FinProduccion
E = SNT
-> = Produce
\( = InicioAgrupacion
a = ST
b = ST
c = ST
\) = CierreAgrupacion
\; = FinProduccion
F = SNT
-> = Produce
\( = InicioAgrupacion
a = ST
b = ST
c = ST
\) = CierreAgrupacion
\? = Optativo
B = SNT
\; = FinProduccion
Lenguaje = SNT
: = ST
Go = SNT
; = ST
{ = ST
Programa = SNT
-> = Produce
A = SNT
\? = Optativo
\; = FinProduccion
A = SNT
-> = Produce
Numero = SNT
A = SNT
\? = Optativo
\; = FinProduccion
B = SNT
-> = Produce
A = SNT
z = ST
\; = FinProduccion
D = SNT
-> = Produce
a = ST
A = SNT
\| = OR
b = ST
\| = OR
c = ST
\| = OR
C = SNT
\; = FinProduccion
C = SNT
-> = Produce
A = SNT
\| = OR
B = SNT
\; = FinProduccion
E = SNT
-> = Produce
\( = InicioAgrupacion
a = ST
b = ST
c = ST
\) = CierreAgrupacion
\; = FinProduccion
F = SNT
-> = Produce
\( = InicioAgrupacion
a = ST
b = ST
c = ST
\) = CierreAgrupacion
\? = Optativo
B = SNT
\; = FinProduccion
