# ····· Identificador
include ····· Identificador
< ····· Identificador
stdio ····· Identificador
> ····· Identificador
{ ····· Identificador
230 ····· Identificador
/ ····· Identificador
/ ····· Identificador
Numero ····· Identificador
entero ····· Identificador
230 ····· Identificador
e ····· Identificador
- ····· Identificador
30 ····· Identificador
230 ····· Identificador
e ····· Identificador
+ ····· Identificador
30 ····· Identificador
230 ····· Identificador
. ····· Identificador
30 ····· Identificador
e30 ····· Identificador
230 ····· Identificador
. ····· Identificador
30 ····· Identificador
e ····· Identificador
- ····· Identificador
30 ····· Identificador
230 ····· Identificador
. ····· Identificador
30 ····· Identificador
e ····· Identificador
+ ····· Identificador
30 ····· Identificador
/ ····· Identificador
/ ····· Identificador
Numero ····· Identificador
en ····· Identificador
formato ····· Identificador
cientifico ····· Identificador
" ····· Identificador
hola ····· Identificador
mundo ····· Identificador
" ····· Identificador
# ····· Identificador
64 ····· Identificador
- ····· Identificador
' ····· Identificador
@ ····· Identificador
' ····· Identificador
/ ····· Identificador
* ····· Identificador
Hola ····· Identificador
mundo ····· Identificador
ITQ ····· Identificador
* ····· Identificador
/ ····· Identificador
radio ····· Identificador
; ····· Identificador
< ····· Identificador
< ····· Identificador
> ····· Identificador
> ····· Identificador
! ····· Identificador
! ····· Identificador
= ····· Identificador
= ····· Identificador
= ····· Identificador
= ····· Identificador
; ····· Identificador
& ····· Identificador
& ····· Identificador
& ····· Identificador
| ····· Identificador
| ····· Identificador
| ····· Identificador
+ ····· Identificador
+ ····· Identificador
+ ····· Identificador
- ····· Identificador
- ····· Identificador
- ····· Identificador
+ ····· Identificador
= ····· Identificador
- ····· Identificador
= ····· Identificador
* ····· Identificador
* ····· Identificador
= ····· Identificador
/ ····· Identificador
= ····· Identificador
% ····· Identificador
% ····· Identificador
= ····· Identificador
- ····· Identificador
> ····· Identificador
" ····· Identificador
" ····· Identificador
' ····· Identificador
' ····· Identificador
; ····· Identificador
} ····· Identificador
